[    0.000000] Initializing cgroup subsys cpuset
[    0.000000] Initializing cgroup subsys cpu
[    0.000000] Initializing cgroup subsys cpuacct
[    0.000000] Linux version 4.4.0-103-generic (buildd@lcy01-amd64-001) (gcc version 5.4.0 20160609 (Ubuntu 5.4.0-6ubuntu1~16.04.5) ) #126-Ubuntu SMP Mon Dec 4 16:23:28 UTC 2017 (Ubuntu 4.4.0-103.126-generic 4.4.98)
[    0.000000] Command line: BOOT_IMAGE=/boot/vmlinuz-4.4.0-103-generic root=LABEL=cloudimg-rootfs ro console=tty1 console=ttyS0
[    0.000000] KERNEL supported cpus:
[    0.000000]   Intel GenuineIntel
[    0.000000]   AMD AuthenticAMD
[    0.000000]   Centaur CentaurHauls
[    0.000000] x86/fpu: xstate_offset[2]:  576, xstate_sizes[2]:  256
[    0.000000] x86/fpu: Supporting XSAVE feature 0x01: 'x87 floating point registers'
[    0.000000] x86/fpu: Supporting XSAVE feature 0x02: 'SSE registers'
[    0.000000] x86/fpu: Supporting XSAVE feature 0x04: 'AVX registers'
[    0.000000] x86/fpu: Enabled xstate features 0x7, context size is 832 bytes, using 'standard' format.
[    0.000000] x86/fpu: Using 'lazy' FPU context switches.
[    0.000000] e820: BIOS-provided physical RAM map:
[    0.000000] BIOS-e820: [mem 0x0000000000000000-0x000000000009fbff] usable
[    0.000000] BIOS-e820: [mem 0x000000000009fc00-0x000000000009ffff] reserved
[    0.000000] BIOS-e820: [mem 0x00000000000f0000-0x00000000000fffff] reserved
[    0.000000] BIOS-e820: [mem 0x0000000000100000-0x000000003ffeffff] usable
[    0.000000] BIOS-e820: [mem 0x000000003fff0000-0x000000003fffffff] ACPI data
[    0.000000] BIOS-e820: [mem 0x00000000fec00000-0x00000000fec00fff] reserved
[    0.000000] BIOS-e820: [mem 0x00000000fee00000-0x00000000fee00fff] reserved
[    0.000000] BIOS-e820: [mem 0x00000000fffc0000-0x00000000ffffffff] reserved
[    0.000000] NX (Execute Disable) protection: active
[    0.000000] SMBIOS 2.5 present.
[    0.000000] Hypervisor detected: KVM
[    0.000000] e820: last_pfn = 0x3fff0 max_arch_pfn = 0x400000000
[    0.000000] MTRR: Disabled
[    0.000000] x86/PAT: MTRRs disabled, skipping PAT initialization too.
[    0.000000] CPU MTRRs all blank - virtualized system.
[    0.000000] x86/PAT: Configuration [0-7]: WB  WT  UC- UC  WB  WT  UC- UC  
[    0.000000] found SMP MP-table at [mem 0x0009fff0-0x0009ffff] mapped at [ffff88000009fff0]
[    0.000000] Scanning 1 areas for low memory corruption
[    0.000000] RAMDISK: [mem 0x36ade000-0x37566fff]
[    0.000000] ACPI: Early table checksum verification disabled
[    0.000000] ACPI: RSDP 0x00000000000E0000 000024 (v02 VBOX  )
[    0.000000] ACPI: XSDT 0x000000003FFF0030 00003C (v01 VBOX   VBOXXSDT 00000001 ASL  00000061)
[    0.000000] ACPI: FACP 0x000000003FFF00F0 0000F4 (v04 VBOX   VBOXFACP 00000001 ASL  00000061)
[    0.000000] ACPI: DSDT 0x000000003FFF0470 0021FF (v02 VBOX   VBOXBIOS 00000002 INTL 20100528)
[    0.000000] ACPI: FACS 0x000000003FFF0200 000040
[    0.000000] ACPI: FACS 0x000000003FFF0200 000040
[    0.000000] ACPI: APIC 0x000000003FFF0240 00005C (v02 VBOX   VBOXAPIC 00000001 ASL  00000061)
[    0.000000] ACPI: SSDT 0x000000003FFF02A0 0001CC (v01 VBOX   VBOXCPUT 00000002 INTL 20100528)
[    0.000000] No NUMA configuration found
[    0.000000] Faking a node at [mem 0x0000000000000000-0x000000003ffeffff]
[    0.000000] NODE_DATA(0) allocated [mem 0x3ffeb000-0x3ffeffff]
[    0.000000] kvm-clock: Using msrs 4b564d01 and 4b564d00
[    0.000000] kvm-clock: cpu 0, msr 0:3ffe3001, primary cpu clock
[    0.000000] kvm-clock: using sched offset of 3264875982 cycles
[    0.000000] clocksource: kvm-clock: mask: 0xffffffffffffffff max_cycles: 0x1cd42e4dffb, max_idle_ns: 881590591483 ns
[    0.000000] Zone ranges:
[    0.000000]   DMA      [mem 0x0000000000001000-0x0000000000ffffff]
[    0.000000]   DMA32    [mem 0x0000000001000000-0x000000003ffeffff]
[    0.000000]   Normal   empty
[    0.000000]   Device   empty
[    0.000000] Movable zone start for each node
[    0.000000] Early memory node ranges
[    0.000000]   node   0: [mem 0x0000000000001000-0x000000000009efff]
[    0.000000]   node   0: [mem 0x0000000000100000-0x000000003ffeffff]
[    0.000000] Initmem setup node 0 [mem 0x0000000000001000-0x000000003ffeffff]
[    0.000000] ACPI: PM-Timer IO Port: 0x4008
[    0.000000] IOAPIC[0]: apic_id 2, version 32, address 0xfec00000, GSI 0-23
[    0.000000] ACPI: INT_SRC_OVR (bus 0 bus_irq 0 global_irq 2 dfl dfl)
[    0.000000] ACPI: INT_SRC_OVR (bus 0 bus_irq 9 global_irq 9 high level)
[    0.000000] Using ACPI (MADT) for SMP configuration information
[    0.000000] smpboot: Allowing 2 CPUs, 0 hotplug CPUs
[    0.000000] PM: Registered nosave memory: [mem 0x00000000-0x00000fff]
[    0.000000] PM: Registered nosave memory: [mem 0x0009f000-0x0009ffff]
[    0.000000] PM: Registered nosave memory: [mem 0x000a0000-0x000effff]
[    0.000000] PM: Registered nosave memory: [mem 0x000f0000-0x000fffff]
[    0.000000] e820: [mem 0x40000000-0xfebfffff] available for PCI devices
[    0.000000] Booting paravirtualized kernel on KVM
[    0.000000] clocksource: refined-jiffies: mask: 0xffffffff max_cycles: 0xffffffff, max_idle_ns: 7645519600211568 ns
[    0.000000] setup_percpu: NR_CPUS:512 nr_cpumask_bits:512 nr_cpu_ids:2 nr_node_ids:1
[    0.000000] PERCPU: Embedded 33 pages/cpu @ffff88003fc00000 s98200 r8192 d28776 u1048576
[    0.000000] PV qspinlock hash table entries: 256 (order: 0, 4096 bytes)
[    0.000000] Built 1 zonelists in Node order, mobility grouping on.  Total pages: 257913
[    0.000000] Policy zone: DMA32
[    0.000000] Kernel command line: BOOT_IMAGE=/boot/vmlinuz-4.4.0-103-generic root=LABEL=cloudimg-rootfs ro console=tty1 console=ttyS0
[    0.000000] PID hash table entries: 4096 (order: 3, 32768 bytes)
[    0.000000] Memory: 1001784K/1048120K available (8485K kernel code, 1295K rwdata, 3988K rodata, 1492K init, 1316K bss, 46336K reserved, 0K cma-reserved)
[    0.000000] SLUB: HWalign=64, Order=0-3, MinObjects=0, CPUs=2, Nodes=1
[    0.000000] Hierarchical RCU implementation.
[    0.000000] 	Build-time adjustment of leaf fanout to 64.
[    0.000000] 	RCU restricting CPUs from NR_CPUS=512 to nr_cpu_ids=2.
[    0.000000] RCU: Adjusting geometry for rcu_fanout_leaf=64, nr_cpu_ids=2
[    0.000000] NR_IRQS:33024 nr_irqs:440 16
[    0.000000] Console: colour VGA+ 80x25
[    0.000000] console [tty1] enabled
[    0.000000] console [ttyS0] enabled
[    0.000000] tsc: Detected 3392.294 MHz processor
[   15.141983] Calibrating delay loop (skipped) preset value.. 6784.58 BogoMIPS (lpj=13569176)
[   15.321066] pid_max: default: 32768 minimum: 301
[   15.432491] ACPI: Core revision 20150930
[   15.516287] ACPI: 2 ACPI AML tables successfully acquired and loaded
[   15.664408] Security Framework initialized
[   15.752515] Yama: becoming mindful.
[   15.810525] AppArmor: AppArmor initialized
[   15.867067] Dentry cache hash table entries: 131072 (order: 8, 1048576 bytes)
[   15.989464] Inode-cache hash table entries: 65536 (order: 7, 524288 bytes)
[   16.107559] Mount-cache hash table entries: 2048 (order: 2, 16384 bytes)
[   16.262149] Mountpoint-cache hash table entries: 2048 (order: 2, 16384 bytes)
[   16.426308] Initializing cgroup subsys io
[   16.496627] Initializing cgroup subsys memory
[   16.599646] Initializing cgroup subsys devices
[   16.710624] Initializing cgroup subsys freezer
[   16.787707] Initializing cgroup subsys net_cls
[   16.919256] Initializing cgroup subsys perf_event
[   17.020714] Initializing cgroup subsys net_prio
[   17.115919] Initializing cgroup subsys hugetlb
[   17.211240] Initializing cgroup subsys pids
[   17.312760] CPU: Physical Processor ID: 0
[   17.400701] CPU: Processor Core ID: 0
[   17.417275] mce: CPU supports 0 MCE banks
[   17.509298] Last level iTLB entries: 4KB 512, 2MB 8, 4MB 8
[   17.652789] Last level dTLB entries: 4KB 512, 2MB 32, 4MB 32, 1GB 0
[   17.838079] Freeing SMP alternatives memory: 32K
[   17.915727] ftrace: allocating 32158 entries in 126 pages
[   18.048014] smpboot: APIC(0) Converting physical 0 to logical package 0
[   18.176379] smpboot: Max logical packages: 1
[   18.292631] x2apic enabled
[   18.364536] Switched APIC routing to physical x2apic.
[   18.492942] ..TIMER: vector=0x30 apic1=0 pin1=2 apic2=-1 pin2=-1
[   18.748645] smpboot: CPU0: Intel(R) Core(TM) i7-3770 CPU @ 3.40GHz (family: 0x6, model: 0x3a, stepping: 0x9)
[   18.956851] Performance Events: unsupported p6 CPU model 58 no PMU driver, software events only.
[   19.125664] KVM setup paravirtual spinlock
[   19.155144] x86: Booting SMP configuration:
[   19.221583] .... node  #0, CPUs:      #1
[   19.231917] kvm-clock: cpu 1, msr 0:3ffe3041, secondary cpu clock
[   19.270973] mce: CPU supports 0 MCE banks
[   19.316156] x86: Booted up 1 node, 2 CPUs
[   19.386616] smpboot: Total of 2 processors activated (13569.17 BogoMIPS)
[   19.552956] devtmpfs: initialized
[   19.617857] evm: security.selinux
[   19.663013] evm: security.SMACK64
[   19.749057] evm: security.SMACK64EXEC
[   19.832503] evm: security.SMACK64TRANSMUTE
[   19.926994] evm: security.SMACK64MMAP
[   20.014024] evm: security.ima
[   20.065493] evm: security.capability
[   20.111748] clocksource: jiffies: mask: 0xffffffff max_cycles: 0xffffffff, max_idle_ns: 7645041785100000 ns
[   20.287384] futex hash table entries: 512 (order: 3, 32768 bytes)
[   20.442290] pinctrl core: initialized pinctrl subsystem
[   20.573326] RTC time:  4:52:26, date: 12/15/17
[   20.706107] NET: Registered protocol family 16
[   20.810900] cpuidle: using governor ladder
[   20.906860] cpuidle: using governor menu
[   20.945259] PCCT header not found.
[   20.946441] ACPI: bus type PCI registered
[   20.970317] acpiphp: ACPI Hot Plug PCI Controller Driver version: 0.5
[   21.116885] PCI: Using configuration type 1 for base access
[   21.219573] ACPI: Added _OSI(Module Device)
[   21.320696] ACPI: Added _OSI(Processor Device)
[   21.379323] ACPI: Added _OSI(3.0 _SCP Extensions)
[   21.449423] ACPI: Added _OSI(Processor Aggregator Device)
[   21.472415] ACPI: Executed 1 blocks of module-level executable AML code
[   21.630490] ACPI: Interpreter enabled
[   21.681252] ACPI: (supports S0 S5)
[   21.709747] ACPI: Using IOAPIC for interrupt routing
[   21.761457] PCI: Using host bridge windows from ACPI; if necessary, use "pci=nocrs" and report a bug
[   21.790880] ACPI: PCI Root Bridge [PCI0] (domain 0000 [bus 00-ff])
[   21.938341] acpi PNP0A03:00: _OSC: OS supports [ASPM ClockPM Segments MSI]
[   22.086947] acpi PNP0A03:00: _OSC: not requesting OS control; OS requires [ExtendedConfig ASPM ClockPM MSI]
[   22.265636] acpi PNP0A03:00: fail to add MMCONFIG information, can't access extended PCI configuration space under this bridge.
[   22.513974] PCI host bridge to bus 0000:00
[   22.614878] pci_bus 0000:00: root bus resource [io  0x0000-0x0cf7 window]
[   22.721931] pci_bus 0000:00: root bus resource [io  0x0d00-0xffff window]
[   22.797145] pci_bus 0000:00: root bus resource [mem 0x000a0000-0x000bffff window]
[   22.936676] pci_bus 0000:00: root bus resource [mem 0x40000000-0xffdfffff window]
[   23.095046] pci_bus 0000:00: root bus resource [bus 00-ff]
[   23.205990] pci 0000:00:01.1: legacy IDE quirk: reg 0x10: [io  0x01f0-0x01f7]
[   23.317529] pci 0000:00:01.1: legacy IDE quirk: reg 0x14: [io  0x03f6]
[   23.427186] pci 0000:00:01.1: legacy IDE quirk: reg 0x18: [io  0x0170-0x0177]
[   23.632614] pci 0000:00:01.1: legacy IDE quirk: reg 0x1c: [io  0x0376]
[   23.772979] pci 0000:00:07.0: quirk: [io  0x4000-0x403f] claimed by PIIX4 ACPI
[   23.927817] pci 0000:00:07.0: quirk: [io  0x4100-0x410f] claimed by PIIX4 SMB
[   24.005873] ACPI: PCI Interrupt Link [LNKA] (IRQs 5 9 10 *11)
[   24.128029] ACPI: PCI Interrupt Link [LNKB] (IRQs 5 9 10 *11)
[   24.259443] ACPI: PCI Interrupt Link [LNKC] (IRQs 5 9 *10 11)
[   24.362437] ACPI: PCI Interrupt Link [LNKD] (IRQs 5 *9 10 11)
[   24.432335] ACPI: Enabled 2 GPEs in block 00 to 07
[   24.534249] vgaarb: setting as boot device: PCI:0000:00:02.0
[   24.659346] vgaarb: device added: PCI:0000:00:02.0,decodes=io+mem,owns=io+mem,locks=none
[   24.829895] vgaarb: loaded
[   24.895852] vgaarb: bridge control possible 0000:00:02.0
[   25.031413] SCSI subsystem initialized
[   25.077285] ACPI: bus type USB registered
[   25.136295] usbcore: registered new interface driver usbfs
[   25.271787] usbcore: registered new interface driver hub
[   25.381433] usbcore: registered new device driver usb
[   25.479542] PCI: Using ACPI for IRQ routing
[   25.564496] NetLabel: Initializing
[   25.620285] NetLabel:  domain hash size = 128
[   25.715465] NetLabel:  protocols = UNLABELED CIPSOv4
[   25.759298] NetLabel:  unlabeled traffic allowed by default
[   25.848934] amd_nb: Cannot enumerate AMD northbridges
[   25.939876] clocksource: Switched to clocksource kvm-clock
[   26.074838] AppArmor: AppArmor Filesystem Enabled
[   26.209431] pnp: PnP ACPI init
[   26.254008] pnp: PnP ACPI: found 3 devices
[   26.379786] clocksource: acpi_pm: mask: 0xffffff max_cycles: 0xffffff, max_idle_ns: 2085701024 ns
[   26.630766] NET: Registered protocol family 2
[   26.751178] TCP established hash table entries: 8192 (order: 4, 65536 bytes)
[   26.943045] TCP bind hash table entries: 8192 (order: 5, 131072 bytes)
[   27.115537] TCP: Hash tables configured (established 8192 bind 8192)
[   27.264060] UDP hash table entries: 512 (order: 2, 16384 bytes)
[   27.422026] UDP-Lite hash table entries: 512 (order: 2, 16384 bytes)
[   27.487464] NET: Registered protocol family 1
[   27.488739] pci 0000:00:00.0: Limiting direct PCI/PCI transfers
[   27.496392] pci 0000:00:01.0: Activating ISA DMA hang workarounds
[   27.633905] Unpacking initramfs...
[   29.175930] Freeing initrd memory: 10788K
[   29.242823] RAPL PMU detected, API unit is 2^-32 Joules, 3 fixed counters 10737418240 ms ovfl timer
[   29.394018] hw unit of domain pp0-core 2^-0 Joules
[   29.515252] hw unit of domain package 2^-0 Joules
[   29.608320] hw unit of domain pp1-gpu 2^-0 Joules
[   29.685833] platform rtc_cmos: registered platform RTC device (no PNP device found)
[   29.890130] Scanning for low memory corruption every 60 seconds
[   30.050896] audit: initializing netlink subsys (disabled)
[   30.194363] audit: type=2000 audit(1513313536.409:1): initialized
[   30.298181] Initialise system trusted keyring
[   30.390536] HugeTLB registered 2 MB page size, pre-allocated 0 pages
[   30.556613] zbud: loaded
[   30.598097] VFS: Disk quotas dquot_6.6.0
[   30.657946] VFS: Dquot-cache hash table entries: 512 (order 0, 4096 bytes)
[   30.684340] tsc: Refined TSC clocksource calibration: 3392.910 MHz
[   30.684341] clocksource: tsc: mask: 0xffffffffffffffff max_cycles: 0x30e824d86c7, max_idle_ns: 440795304994 ns
[   30.948972] squashfs: version 4.0 (2009/01/31) Phillip Lougher
[   31.026311] fuse init (API version 7.23)
[   31.093616] Key type big_key registered
[   31.154477] Allocating IMA MOK and blacklist keyrings.
[   31.248988] Key type asymmetric registered
[   31.325966] Asymmetric key parser 'x509' registered
[   31.408197] Block layer SCSI generic (bsg) driver version 0.4 loaded (major 249)
[   31.502845] io scheduler noop registered
[   31.569019] io scheduler deadline registered (default)
[   31.614556] io scheduler cfq registered
[   31.702185] pci_hotplug: PCI Hot Plug PCI Core version: 0.5
[   31.757960] pciehp: PCI Express Hot Plug Controller Driver version: 0.4
[   31.842250] ACPI: AC Adapter [AC] (on-line)
[   31.901199] input: Power Button as /devices/LNXSYSTM:00/LNXPWRBN:00/input/input0
[   31.950307] ACPI: Power Button [PWRF]
[   31.975132] input: Sleep Button as /devices/LNXSYSTM:00/LNXSLPBN:00/input/input1
[   32.101858] ACPI: Sleep Button [SLPF]
[   32.130759] GHES: HEST is not enabled!
[   32.169132] Serial: 8250/16550 driver, 32 ports, IRQ sharing enabled
[   32.233133] 00:02: ttyS0 at I/O 0x3f8 (irq = 4, base_baud = 115200) is a 16550A
[   32.297220] Linux agpgart interface v0.103
[   32.330443] loop: module loaded
[   32.375170] scsi host0: ata_piix
[   32.405759] scsi host1: ata_piix
[   32.470158] ata1: PATA max UDMA/33 cmd 0x1f0 ctl 0x3f6 bmdma 0xd000 irq 14
[   32.602720] ata2: PATA max UDMA/33 cmd 0x170 ctl 0x376 bmdma 0xd008 irq 15
[   32.703839] libphy: Fixed MDIO Bus: probed
[   32.776198] tun: Universal TUN/TAP device driver, 1.6
[   32.827705] tun: (C) 1999-2004 Max Krasnyansky <maxk@qualcomm.com>
[   32.937327] PPP generic driver version 2.4.2
[   33.010313] ehci_hcd: USB 2.0 'Enhanced' Host Controller (EHCI) Driver
[   33.086787] ehci-pci: EHCI PCI platform driver
[   33.154752] ehci-platform: EHCI generic platform driver
[   33.261776] ohci_hcd: USB 1.1 'Open' Host Controller (OHCI) Driver
[   33.332375] ohci-pci: OHCI PCI platform driver
[   33.371361] ohci-platform: OHCI generic platform driver
[   33.437299] uhci_hcd: USB Universal Host Controller Interface driver
[   33.497883] i8042: PNP: PS/2 Controller [PNP0303:PS2K,PNP0f03:PS2M] at 0x60,0x64 irq 1,12
[   33.581041] serio: i8042 KBD port at 0x60,0x64 irq 1
[   33.644272] serio: i8042 AUX port at 0x60,0x64 irq 12
[   33.671724] mousedev: PS/2 mouse device common for all mice
[   33.759756] rtc_cmos rtc_cmos: rtc core: registered rtc_cmos as rtc0
[   33.839714] rtc_cmos rtc_cmos: alarms up to one day, 114 bytes nvram
[   33.901435] input: AT Translated Set 2 keyboard as /devices/platform/i8042/serio0/input/input2
[   34.086636] i2c /dev entries driver
[   34.130987] device-mapper: uevent: version 1.0.3
[   34.170410] device-mapper: ioctl: 4.34.0-ioctl (2015-10-28) initialised: dm-devel@redhat.com
[   34.369196] ledtrig-cpu: registered to indicate activity on CPUs
[   34.491838] NET: Registered protocol family 10
[   34.615594] NET: Registered protocol family 17
[   34.736527] Key type dns_resolver registered
[   34.776139] microcode: CPU0 sig=0x306a9, pf=0x2, revision=0x19
[   34.868132] microcode: CPU1 sig=0x306a9, pf=0x2, revision=0x19
[   34.898777] microcode: Microcode Update Driver: v2.01 <tigran@aivazian.fsnet.co.uk>, Peter Oruba
[   34.901698] registered taskstats version 1
[   34.902960] Loading compiled-in X.509 certificates
[   34.905063] Loaded X.509 cert 'Build time autogenerated kernel key: 6495e09daeacef0cade9c1ea2246b74b6c79cd53'
[   35.052331] zswap: loaded using pool lzo/zbud
[   35.122567] Key type trusted registered
[   35.157162] Key type encrypted registered
[   35.240500] AppArmor: AppArmor sha1 policy hashing enabled
[   35.305566] ima: No TPM chip found, activating TPM-bypass!
[   35.402086] evm: HMAC attrs: 0x1
[   35.461281]   Magic number: 13:923:868
[   35.548124] rtc_cmos rtc_cmos: setting system clock to 2017-12-15 04:52:41 UTC (1513313561)
[   35.697415] BIOS EDD facility v0.16 2004-Jun-25, 0 devices found
[   35.818094] EDD information not available.
[   35.859664] Freeing unused kernel memory: 1492K
[   35.946074] Write protecting the kernel read-only data: 14336k
[   35.952756] Freeing unused kernel memory: 1744K
[   36.007820] Freeing unused kernel memory: 108K
Loading, please [   36.096911] random: systemd-udevd: uninitialized urandom read (16 bytes read, 4 bits of entropy available)
wait...
startin[   36.097355] random: udevadm: uninitialized urandom read (16 bytes read, 4 bits of entropy available)
g version 229
[   36.097370] random: udevadm: uninitialized urandom read (16 bytes read, 4 bits of entropy available)
[   36.102743] random: udevadm: uninitialized urandom read (16 bytes read, 4 bits of entropy available)
[   36.102770] random: udevadm: uninitialized urandom read (16 bytes read, 4 bits of entropy available)
[   36.102858] random: udevadm: uninitialized urandom read (16 bytes read, 4 bits of entropy available)
[   36.102895] random: udevadm: uninitialized urandom read (16 bytes read, 4 bits of entropy available)
[   36.102929] random: udevadm: uninitialized urandom read (16 bytes read, 4 bits of entropy available)
[   36.102963] random: udevadm: uninitialized urandom read (16 bytes read, 4 bits of entropy available)
[   36.102998] random: udevadm: uninitialized urandom read (16 bytes read, 4 bits of entropy available)
[   37.259083] e1000: Intel(R) PRO/1000 Network Driver - version 7.3.21-k8-NAPI
[   37.414857] e1000: Copyright (c) 1999-2006 Intel Corporation.
[   37.530591] Fusion MPT base driver 3.04.20
[   37.586294] Copyright (c) 1999-2008 LSI Corporation
[   37.666121] Fusion MPT SPI Host driver 3.04.20
[   37.741140] input: ImExPS/2 Generic Explorer Mouse as /devices/platform/i8042/serio1/input/input4
[   37.807304] AVX version of gcm_enc/dec engaged.
[   37.852949] AES CTR mode by8 optimization enabled
[   38.125851] e1000 0000:00:03.0 eth0: (PCI:33MHz:32-bit) 02:63:8e:2c:ef:cd
[   38.240739] e1000 0000:00:03.0 eth0: Intel(R) PRO/1000 Network Connection
[   38.400607] mptbase: ioc0: Initiating bringup
[   38.464533] e1000 0000:00:03.0 enp0s3: renamed from eth0
[   38.568453] ioc0: LSI53C1030 A0: Capabilities={Initiator}
[   38.834511] scsi host2: ioc0: LSI53C1030 A0, FwRev=00000000h, Ports=1, MaxQ=256, IRQ=20
[   39.048825] scsi 2:0:0:0: Direct-Access     VBOX     HARDDISK         1.0  PQ: 0 ANSI: 5
[   39.182863] scsi target2:0:0: Beginning Domain Validation
[   39.281259] scsi target2:0:0: Domain Validation skipping write tests
[   39.469562] scsi target2:0:0: Ending Domain Validation
[   39.625695] scsi target2:0:0: asynchronous
[   39.722130] scsi 2:0:1:0: Direct-Access     VBOX     HARDDISK         1.0  PQ: 0 ANSI: 5
[   39.944892] scsi target2:0:1: Beginning Domain Validation
[   40.092983] scsi target2:0:1: Domain Validation skipping write tests
[   40.213328] scsi target2:0:1: Ending Domain Validation
[   40.345401] scsi target2:0:1: asynchronous
[   40.458956] sd 2:0:0:0: Attached scsi generic sg0 type 0
[   40.459022] sd 2:0:0:0: [sda] 20971520 512-byte logical blocks: (10.7 GB/10.0 GiB)
[   40.721057] floppy0: no floppy controllers found
[   40.821854] sd 2:0:0:0: [sda] Write Protect is off
[   40.865235] sd 2:0:1:0: [sdb] 20480 512-byte logical blocks: (10.5 MB/10.0 MiB)
[   40.865252] sd 2:0:1:0: Attached scsi generic sg1 type 0
[   40.985112] sd 2:0:0:0: [sda] Incomplete mode parameter data
[   40.985113] sd 2:0:0:0: [sda] Assuming drive cache: write through
[   41.007990]  sda: sda1
[   41.008717] sd 2:0:0:0: [sda] Attached SCSI disk
[   41.205557] sd 2:0:1:0: [sdb] Write Protect is off
[   41.301738] sd 2:0:1:0: [sdb] Incomplete mode parameter data
[   41.380796] sd 2:0:1:0: [sdb] Assuming drive cache: write through
[   41.517860] sd 2:0:1:0: [sdb] Attached SCSI disk
Begin: Loading e[   42.972121] md: linear personality registered for level -1
ssential drivers[   43.050193] md: multipath personality registered for level -4
 ... [   43.176591] md: raid0 personality registered for level 0
[   43.300534] md: raid1 personality registered for level 1
[   43.436239] raid6: sse2x1   gen()  7470 MB/s
[   43.564199] raid6: sse2x1   xor()  7641 MB/s
[   43.700123] raid6: sse2x2   gen() 11640 MB/s
[   43.824219] raid6: sse2x2   xor()  7884 MB/s
[   43.923895] raid6: sse2x4   gen() 13934 MB/s
[   44.088260] raid6: sse2x4   xor()  8625 MB/s
[   44.174100] raid6: using algorithm sse2x4 gen() 13934 MB/s
[   44.265136] raid6: .... xor() 8625 MB/s, rmw enabled
[   44.376713] raid6: using ssse3x2 recovery algorithm
[   44.484908] xor: automatically using best checksumming function:
[   44.556322]    avx       : 22111.000 MB/sec
[   44.608526] async_tx: api initialized (async)
[   44.725563] md: raid6 personality registered for level 6
[   44.836729] md: raid5 personality registered for level 5
[   44.943753] md: raid4 personality registered for level 4
[   45.021527] md: raid10 personality registered for level 10
done.
Begin: Running[   45.138821] Btrfs loaded
 /scripts/init-premount ... done.
Begin: Mounting root file system ... Begin: Running /scripts/local-top ... do[   45.259857] EXT4-fs (sda1): INFO: recovery required on readonly filesystem
ne.
Begin: Runn[   45.349978] EXT4-fs (sda1): write access will be enabled during recovery
ing /scripts/local-premount ... Scanning for Btrfs filesystems
done.
Warning: fsck not present, so skipping root file system
[   45.884194] EXT4-fs (sda1): recovery complete
[   45.934549] EXT4-fs (sda1): mounted filesystem with ordered data mode. Opts: (null)
done.
[   46.109482] random: nonblocking pool is initialized
Begin: Running /scripts/local-bottom ... done.
Begin: Running /scripts/init-bottom ... done.
[   47.120338] systemd[1]: systemd 229 running in system mode. (+PAM +AUDIT +SELINUX +IMA +APPARMOR +SMACK +SYSVINIT +UTMP +LIBCRYPTSETUP +GCRYPT +GNUTLS +ACL +XZ -LZ4 +SECCOMP +BLKID +ELFUTILS +KMOD -IDN)
[   47.292297] systemd[1]: Detected virtualization oracle.
[   47.390537] systemd[1]: Detected architecture x86-64.

Welcome to [1mUbuntu 16.04.3 LTS[0m!

[   47.594795] systemd[1]: Set hostname to <ubuntu-xenial>.
[   48.870074] systemd[1]: Listening on Journal Socket (/dev/log).
[[0;32m  OK  [0m] Listening on Journal Socket (/dev/log).
[   49.024892] systemd[1]: Listening on Syslog Socket.
[[0;32m  OK  [0m] Listening on Syslog Socket.
[   49.077261] systemd[1]: Listening on Journal Audit Socket.
[[0;32m  OK  [0m] Listening on Journal Audit Socket.
[   49.212467] systemd[1]: Created slice System Slice.
[[0;32m  OK  [0m] Created slice System Slice.
[   49.344010] systemd[1]: Listening on udev Kernel Socket.
[[0;32m  OK  [0m] Listening on udev Kernel Socket.
[   49.520447] systemd[1]: Listening on Device-mapper event daemon FIFOs.
[[0;32m  OK  [0m] Listening on Device-mapper event daemon FIFOs.
[   49.696378] systemd[1]: Listening on Journal Socket.
[[0;32m  OK  [0m] Listening on Journal Socket.
[   49.828247] systemd[1]: Listening on udev Control Socket.
[[0;32m  OK  [0m] Listening on udev Control Socket.
[   49.940214] systemd[1]: Reached target User and Group Name Lookups.
[[0;32m  OK  [0m] Reached target User and Group Name Lookups.
[   50.112193] systemd[1]: Starting Uncomplicated firewall...
         Starting Uncomplicated firewall...
[   50.204284] systemd[1]: Started Trigger resolvconf update for networkd DNS.
[[0;32m  OK  [0m] Started Trigger resolvconf update for networkd DNS.
[   50.372657] systemd[1]: Set up automount Arbitrary Executable File Formats File System Automount Point.
[[0;32m  OK  [0m] Set up automount Arbitrary Executab...ats File System Automount Point.
[   50.648326] systemd[1]: Starting Journal Service...
         Starting Journal Service...
[   50.760359] systemd[1]: Started Forward Password Requests to Wall Directory Watch.
[[0;32m  OK  [0m] Started Forward Password Requests to Wall Directory Watch.
[   50.920466] systemd[1]: Reached target Encrypted Volumes.
[[0;32m  OK  [0m] Reached target Encrypted Volumes.
[   51.068330] systemd[1]: Starting Nameserver information manager...
         Starting Nameserver information manager...
[   51.228309] systemd[1]: Mounting Debug File System...
         Mounting Debug File System...
[   51.356447] systemd[1]: Starting Create list of required static device nodes for the current kernel...
         Starting Create list of required st... nodes for the current kernel...
[   51.604348] systemd[1]: Mounting Huge Pages File System...
         Mounting Huge Pages File System...
[   51.748738] systemd[1]: Listening on LVM2 poll daemon socket.
[[0;32m  OK  [0m] Listening on LVM2 poll daemon socket.
[   51.868527] systemd[1]: Starting Remount Root and Kernel File Systems...
         Startin[   51.906629] EXT4-fs (sda1): re-mounted. Opts: (null)
g Remount Root and Kernel File Systems...
[   51.995470] systemd[1]: Mounting POSIX Message Queue File System...
         Mounting POSIX Message Queue File System...
[   52.212622] systemd[1]: Listening on LVM2 metadata daemon socket.
[[0;32m  OK  [0m] Listening on LVM2 metadata daemon socket.
[   52.464060] systemd[1]: Starting Monitoring of LVM2 mirrors, snapshots etc. using dmeventd or progress polling...
         Starting Monitoring of LVM2 mirrors... dmeventd or progress polling...
[   52.824253] systemd[1]: Listening on /dev/initctl Compatibility Named Pipe.
[[0;32m  OK  [0m] Listening on /dev/initctl Compatibility Named Pipe.
[   53.056109] systemd[1]: Starting Set console keymap...
         Starting Set console keymap...
[   53.268058] systemd[1]: Starting Load Kernel Modules...
         Starting Load Kernel Modules...
[   53.350593] Loading iSCSI transport class v2.0-870.
[   53.450219] systemd[1]: Created slice system-serial\x2dgetty.slice.
[[0;32m  OK  [0m] Created slice system-serial\x2dgetty.slice.
[   53.645437] systemd[1]: Reached target Swap.
[[0;32m  OK  [0m] Reached targ[   53.748750] iscsi: registered transport (tcp)
et Swap.
[   53.892452] systemd[1]: Created slice User and Session Slice.
[[0;32m  OK  [0m] Created slice User and Session Slice.
[   54.032074] iscsi: registered transport (iser)
[   54.128260] systemd[1]: Reached target Slices.
[[0;32m  OK  [0m] Reached target Slices.
[   54.269413] systemd[1]: Mounted POSIX Message Queue File System.
[[0;32m  OK  [0m] Mounted POSIX Message Queue File System.
[   54.416483] systemd[1]: Mounted Debug File System.
[[0;32m  OK  [0m] Mounted Debug File System.
[   54.544303] systemd[1]: Mounted Huge Pages File System.
[[0;32m  OK  [0m] Mounted Huge Pages File System.
[   54.692433] systemd[1]: Started Journal Service.
[[0;32m  OK  [0m] Started Journal Service.
[[0;32m  OK  [0m] Started Uncomplicated firewall.
[[0;32m  OK  [0m] Started Create list of required sta...ce nodes for the current kernel.
[[0;32m  OK  [0m] Started Remount Root and Kernel File Systems.
[[0;32m  OK  [0m] Started Set console keymap.
[[0;32m  OK  [0m] Started Load Kernel Modules.
[[0;32m  OK  [0m] Started Nameserver information manager.
[[0;32m  OK  [0m] Started LVM2 metadata daemon.
         Starting Apply Kernel Variables...
         Mounting FUSE Control File System...
         Starting Initial cloud-init job (pre-networking)...
         Starting Load/Save Random Seed...
         Starting udev Coldplug all Devices...
         Starting Create Static Device Nodes in /dev...
         Starting Flush Journal to Persistent Storage...
[[0;32m  OK  [0m] Mounted FUSE Control File System.
[[0;32m  OK  [0m] Started Monitoring of LVM2 mirrors,...ng dmeventd or progress polling.
[[0;32m  OK  [0m] Started Apply Kernel Variables.
[[0;32m  OK  [0m] Started Load/Save Random Seed.
[[0;32m  OK  [0m] Started Create Static Device Nodes in /dev.
[[0;32m  OK  [0m] Started udev Coldplug all Devices.
         Starting udev Kernel Device Manager...
[[0;32m  OK  [0m] Started Flush Journal to Persistent Storage.
[[0;32m  OK  [0m] Started udev Kernel Device Manager.
[[0;32m  OK  [0m] Started Dispatch Password Requests to Console Directory Watch.
[[0;32m  OK  [0m] Reached target Local File Systems (Pre).
[[0;32m  OK  [0m] Reached target Local File Systems.
         Starting LSB: AppArmor initialization...
         Starting Create Volatile Files and Directories...
         Starting Tell Plymouth To Write Out Runtime Data...
         Starting Set console font and keymap...
[[0;32m  OK  [0m] Started Tell Plymouth To Write Out Runtime Data.
[[0;32m  OK  [0m] Found device /dev/ttyS0.
[[0;32m  OK  [0m] Started Create Volatile Files and Directories.
[[0;32m  OK  [0m] Reached target System Time Synchronized.
         Starting Update UTMP about System Boot/Shutdown...
[[0;32m  OK  [0m] Found device 82540EM Gigabit Ethern...r (PRO/1000 MT Desktop Adapter).
[[0;32m  OK  [0m] Started Update UTMP about System Boot/Shutdown.
[[0;32m  OK  [0m] Listening on Load/Save RF Kill Switch Status /dev/rfkill Watch.
[[0;32m  OK  [0m] Started Set console font and keymap.
[[0;32m  OK  [0m] Created slice system-getty.slice.
[[0;32m  OK  [0m] Started LSB: AppArmor initialization.
[   36.559202] cloud-init[439]: Cloud-init v. 17.1 running 'init-local' at Fri, 15 Dec 2017 04:53:07 +0000. Up 35.88 seconds.
[[0;32m  OK  [0m] Started Initial cloud-init job (pre-networking).
[[0;32m  OK  [0m] Reached target Network (Pre).
         Starting Raise network interfaces...
[[0;32m  OK  [0m] Started ifup for enp0s3.
[[0;32m  OK  [0m] Started Raise network interfaces.
         Starting Initial cloud-init job (metadata service crawler)...
[[0;32m  OK  [0m] Reached target Network.
[   38.538335] cloud-init[969]: Cloud-init v. 17.1 running 'init' at Fri, 15 Dec 2017 04:53:08 +0000. Up 37.57 seconds.
[   38.652995] cloud-init[969]: ci-info: +++++++++++++++++++++++++++++++++++++Net device info++++++++++++++++++++++++++++++++++++++
[[0;32m  OK  [0m] Started Initial cloud-init job (metadata service crawler).
[[0;32m  OK  [0m] Reached target System Initialization.
[   38.784129] cloud-init[969]: ci-info: +--------+------+----------------------------+---------------+-------+-------------------+
         Starting LXD - unix socket.
[   39.036989] cloud-init[969]: ci-info: | Device |  Up  |          Address           |      Mask     | Scope |     Hw-Address    |
[   39.205904] [cloud-init[0;32m  OK  [0m[969]: ] ci-info: +--------+------+----------------------------+---------------+-------+-------------------+Started ACPI Events Check.

[   39.206815] [cloud-init[0;32m  OK  [0m[969]: ] ci-info: | enp0s3 | True |         10.0.2.15          | 255.255.255.0 |   .   | 02:63:8e:2c:ef:cd |Reached target Paths.

[   39.386192] [cloud-init[0;32m  OK  [0m[969]: ] ci-info: | enp0s3 | True | fe80::63:8eff:fe2c:efcd/64 |       .       |  link | 02:63:8e:2c:ef:cd |Listening on ACPID Listen Socket.

[   39.688579] [cloud-init[0;32m  OK  [0m[969]: ] ci-info: |   lo   | True |         127.0.0.1          |   255.0.0.0   |   .   |         .         |Listening on UUID daemon activation socket.

[   39.689381]          cloud-initStarting Socket activation for snappy daemon.[969]: 
ci-info: |   lo   | True |          ::1/128           |       .       |  host |         .         |
[   40.072484] [cloud-init[0;32m  OK  [0m[969]: ] ci-info: +--------+------+----------------------------+---------------+-------+-------------------+Started Daily Cleanup of Temporary Directories.

[   40.073238] cloud-init[969]: ci-info: +++++++++++++++++++++++++++Route IPv4 info++++++++++++++++++++++++++++
[   40.408681] [cloud-init[0;32m  OK  [0m[969]: ] ci-info: +-------+-------------+----------+---------------+-----------+-------+Started Timer to automatically refresh installed snaps.

[[0;32m  OK  [0m] Listening on D-Bus System Message Bus Socket.
[[0;32m  OK  [0m] Reached target Cloud-config availability.
[   40.409576] cloud-init[969]: ci-info: | Route | Destination | Gateway  |    Genmask    | Interface | Flags |
[   40.805314] [[0;32m  OK  [0m] Reached target Network is Online.
cloud-init[969]: ci-info: +-------+-------------+----------+---------------+-----------+-------+
[   40.924536]          cloud-initStarting iSCSI initiator daemon (iscsid)...[969]: 
ci-info: |   0   |   0.0.0.0   | 10.0.2.2 |    0.0.0.0    |   enp0s3  |   UG  |
[   41.080504] [cloud-init[0;32m  OK  [0m[969]: ] ci-info: |   1   |   10.0.2.0  | 0.0.0.0  | 255.255.255.0 |   enp0s3  |   U   |Started Daily apt download activities.

[[0;32m  OK  [0m] Started Daily apt upgrade and clean activities.
[   41.080876] cloud-init[969]: ci-info: +-------+-------------+----------+---------------+-----------+-------+
[[0;32m  OK  [0m] Reached target Timers.
[[0;32m  OK  [0m] Listening on LXD - unix socket.
[[0;32m  OK  [0m] Listening on Socket activation for snappy daemon.
[[0;32m  OK  [0m] Reached target Sockets.
[[0;32m  OK  [0m] Reached target Basic System.
         Starting System Logging Service...
[[0;32m  OK  [0m] Started FUSE filesystem for LXC.
         Starting Login Service...
[[0;32m  OK  [0m] Started Regular background program processing daemon.
         Starting Snappy daemon...
         Starting OpenBSD Secure Shell server...
         Starting /etc/rc.local Compatibility...
[[0;32m  OK  [0m] Started ACPI event daemon.
[[0;32m  OK  [0m] Started Unattended Upgrades Shutdown.
         Starting Apply the settings specified in cloud-config...
[[0;32m  OK  [0m] Started D-Bus System Message Bus.
[   43.053473] cloud-init[1051]: Cloud-init v. 17.1 running 'modules:config' at Fri, 15 Dec 2017 04:53:13 +0000. Up 42.55 seconds.
         Starting LSB: Record successful boot for GRUB...
         Starting LSB: MD monitoring daemon...
[[0;32m  OK  [0m] Started Deferred execution scheduler.
         Starting Accounts Service...
         Starting LXD - container startup/shutdown...
[[0;32m  OK  [0m] Started System Logging Service.
[[0;32m  OK  [0m] Started OpenBSD Secure Shell server.
[[0;32m  OK  [0m] Started iSCSI initiator daemon (iscsid).
[[0;32m  OK  [0m] Started /etc/rc.local Compatibility.
[[0;32m  OK  [0m] Started Apply the settings specified in cloud-config.
         Starting Login to default iSCSI targets...
[[0;32m  OK  [0m] Started Login Service.
[[0;32m  OK  [0m] Started Login to default iSCSI targets.
[[0;32m  OK  [0m] Reached target Remote File Systems (Pre).
[[0;32m  OK  [0m] Reached target Remote File Systems.
         Starting LSB: daemon to balance interrupts for SMP systems...
         Starting LSB: Set the CPU Frequency Scaling governor to "ondemand"...
         Starting Permit User Sessions...
         Starting LSB: VirtualBox Linux Additions...
         Starting LSB: automatic crash report generation...
[[0;32m  OK  [0m] Started Snappy daemon.
[[0;32m  OK  [0m] Started LSB: Record successful boot for GRUB.
[[0;32m  OK  [0m] Started LSB: MD monitoring daemon.
[[0;32m  OK  [0m] Started Permit User Sessions.
[[0;32m  OK  [0m] Started LSB: Set the CPU Frequency Scaling governor to "ondemand".
         Starting Authenticate and Authorize Users to Run Privileged Tasks...
         Starting Terminate Plymouth Boot Screen...
         Starting Hold until boot process finishes up...
[[0;32m  OK  [0m] Started LSB: daemon to balance interrupts for SMP systems.
[[0;32m  OK  [0m] Started LSB: automatic crash report generation.
[[0;32m  OK  [0m] Started Terminate Plymouth Boot Screen.
[[0;32m  OK  [0m] Started Hold until boot process finishes up.
[[0;32m  OK  [0m] Started Authenticate and Authorize Users to Run Privileged Tasks.
[[0;32m  OK  [0m] Started Accounts Service.
[[0;32m  OK  [0m] Started Getty on tty1.
[[0;32m  OK  [0m] Started Serial Getty on ttyS0.
[[0;32m  OK  [0m] Reached target Login Prompts.
         Starting Set console scheme...
[[0;32m  OK  [0m] Started LXD - container startup/shutdown.
[[0;32m  OK  [0m] Started LSB: VirtualBox Linux Additions.
[[0;32m  OK  [0m] Started Set console scheme.
[[0;32m  OK  [0m] Reached target Multi-User System.
[[0;32m  OK  [0m] Reached target Graphical Interface.
         Starting Execute cloud user/final scripts...
         Starting Update UTMP about System Runlevel Changes...
[[0;32m  OK  [0m] Started Update UTMP about System Runlevel Changes.
[   46.511655] cloud-init[1194]: Cloud-init v. 17.1 running 'modules:final' at Fri, 15 Dec 2017 04:53:17 +0000. Up 46.35 seconds.
[   46.636787] [cloud-init[0;32m  OK  [0m[1194]: ] Cloud-init v. 17.1 finished at Fri, 15 Dec 2017 04:53:17 +0000. Datasource DataSourceNoCloud [seed=/dev/sdb][dsmode=net].  Up 46.50 secondsStarted Execute cloud user/final scripts.

[[0;32m  OK  [0m] Reached target Cloud-init target.
         Starting Daily apt download activities...
[[0;32m  OK  [0m] Created slice User Slice of ubuntu.
         Starting User Manager for UID 1000...
[[0;32m  OK  [0m] Started Session 1 of user ubuntu.
[[0;32m  OK  [0m] Started User Manager for UID 1000.

Ubuntu 16.04.3 LTS ubuntu-xenial ttyS0

ubuntu-xenial login: 